nohup: ignoring input
INFO:src.data_loader:Loaded TRAIN set: 41592 images
INFO:src.data_loader:Loaded VAL set: 5199 images
INFO:src.model:UNetReconstruction initialized (attention=True)
INFO:src.model:  Parameters: 31.91M
INFO:src.losses:LPIPS Loss initialized (alex)
INFO:src.losses:FaceNet Identity Loss initialized
INFO:src.losses:Loss Config: {'pixel': 1.0, 'perceptual': 0.8, 'identity': 0.1}, hole_weight=6.0
/home/teaching/G14/forensic_reconstruction/src/train.py:97: FutureWarning: `torch.cuda.amp.GradScaler(args...)` is deprecated. Please use `torch.amp.GradScaler('cuda', args...)` instead.
  self.scaler = GradScaler() # Mixed Precision
INFO:__main__:Ready to train on cuda
Setting up [LPIPS] perceptual loss: trunk [alex], v[0.1], spatial [off]
Loading model from: /home/teaching/G14/forensic_reconstruction/venv/lib/python3.10/site-packages/lpips/weights/v0.1/alex.pth
/home/teaching/G14/forensic_reconstruction/src/train.py:133: FutureWarning: `torch.cuda.amp.autocast(args...)` is deprecated. Please use `torch.amp.autocast('cuda', args...)` instead.
  with autocast():
INFO:__main__:Epoch 1 [0/5199] Loss: 1.6766 (Pix:0.894 Per:0.856)
INFO:__main__:Epoch 1 [100/5199] Loss: 0.2288 (Pix:0.134 Per:0.089)
INFO:__main__:Epoch 1 [200/5199] Loss: 0.2026 (Pix:0.127 Per:0.062)
INFO:__main__:Epoch 1 [300/5199] Loss: 0.1455 (Pix:0.082 Per:0.048)
INFO:__main__:Epoch 1 [400/5199] Loss: 0.1324 (Pix:0.079 Per:0.045)
INFO:__main__:Epoch 1 [500/5199] Loss: 0.1304 (Pix:0.073 Per:0.041)
INFO:__main__:Epoch 1 [600/5199] Loss: 0.1002 (Pix:0.056 Per:0.039)
INFO:__main__:Epoch 1 [700/5199] Loss: 0.1486 (Pix:0.096 Per:0.045)
INFO:__main__:Epoch 1 [800/5199] Loss: 0.1124 (Pix:0.067 Per:0.037)
INFO:__main__:Epoch 1 [900/5199] Loss: 0.0734 (Pix:0.033 Per:0.030)
INFO:__main__:Epoch 1 [1000/5199] Loss: 0.0929 (Pix:0.046 Per:0.034)
INFO:__main__:Epoch 1 [1100/5199] Loss: 0.0868 (Pix:0.043 Per:0.034)
INFO:__main__:Epoch 1 [1200/5199] Loss: 0.0802 (Pix:0.042 Per:0.033)
INFO:__main__:Epoch 1 [1300/5199] Loss: 0.1034 (Pix:0.064 Per:0.034)
INFO:__main__:Epoch 1 [1400/5199] Loss: 0.0719 (Pix:0.033 Per:0.031)
INFO:__main__:Epoch 1 [1500/5199] Loss: 0.0982 (Pix:0.050 Per:0.036)
INFO:__main__:Epoch 1 [1600/5199] Loss: 0.0834 (Pix:0.045 Per:0.033)
INFO:__main__:Epoch 1 [1700/5199] Loss: 0.0743 (Pix:0.040 Per:0.029)
INFO:__main__:Epoch 1 [1800/5199] Loss: 0.0783 (Pix:0.042 Per:0.031)
INFO:__main__:Epoch 1 [1900/5199] Loss: 0.0716 (Pix:0.038 Per:0.029)
INFO:__main__:Epoch 1 [2000/5199] Loss: 0.0796 (Pix:0.046 Per:0.028)
INFO:__main__:Epoch 1 [2100/5199] Loss: 0.0774 (Pix:0.040 Per:0.029)
INFO:__main__:Epoch 1 [2200/5199] Loss: 0.0774 (Pix:0.047 Per:0.026)
INFO:__main__:Epoch 1 [2300/5199] Loss: 0.0713 (Pix:0.035 Per:0.029)
INFO:__main__:Epoch 1 [2400/5199] Loss: 0.0559 (Pix:0.026 Per:0.024)
INFO:__main__:Epoch 1 [2500/5199] Loss: 0.0688 (Pix:0.034 Per:0.027)
INFO:__main__:Epoch 1 [2600/5199] Loss: 0.0629 (Pix:0.031 Per:0.024)
INFO:__main__:Epoch 1 [2700/5199] Loss: 0.0729 (Pix:0.042 Per:0.025)
INFO:__main__:Epoch 1 [2800/5199] Loss: 0.0960 (Pix:0.057 Per:0.030)
INFO:__main__:Epoch 1 [2900/5199] Loss: 0.0761 (Pix:0.039 Per:0.030)
INFO:__main__:Epoch 1 [3000/5199] Loss: 0.0529 (Pix:0.027 Per:0.022)
INFO:__main__:Epoch 1 [3100/5199] Loss: 0.0715 (Pix:0.040 Per:0.026)
INFO:__main__:Epoch 1 [3200/5199] Loss: 0.0619 (Pix:0.032 Per:0.024)
INFO:__main__:Epoch 1 [3300/5199] Loss: 0.0617 (Pix:0.030 Per:0.022)
INFO:__main__:Epoch 1 [3400/5199] Loss: 0.0841 (Pix:0.047 Per:0.027)
INFO:__main__:Epoch 1 [3500/5199] Loss: 0.0697 (Pix:0.040 Per:0.025)
INFO:__main__:Epoch 1 [3600/5199] Loss: 0.0685 (Pix:0.036 Per:0.023)
INFO:__main__:Epoch 1 [3700/5199] Loss: 0.0555 (Pix:0.025 Per:0.022)
INFO:__main__:Epoch 1 [3800/5199] Loss: 0.0647 (Pix:0.034 Per:0.025)
INFO:__main__:Epoch 1 [3900/5199] Loss: 0.0890 (Pix:0.058 Per:0.026)
INFO:__main__:Epoch 1 [4000/5199] Loss: 0.0532 (Pix:0.027 Per:0.022)
INFO:__main__:Epoch 1 [4100/5199] Loss: 0.0941 (Pix:0.062 Per:0.029)
INFO:__main__:Epoch 1 [4200/5199] Loss: 0.0542 (Pix:0.029 Per:0.019)
INFO:__main__:Epoch 1 [4300/5199] Loss: 0.0943 (Pix:0.054 Per:0.032)
INFO:__main__:Epoch 1 [4400/5199] Loss: 0.0631 (Pix:0.035 Per:0.022)
INFO:__main__:Epoch 1 [4500/5199] Loss: 0.0678 (Pix:0.039 Per:0.024)
INFO:__main__:Epoch 1 [4600/5199] Loss: 0.0512 (Pix:0.025 Per:0.020)
INFO:__main__:Epoch 1 [4700/5199] Loss: 0.0552 (Pix:0.027 Per:0.026)
INFO:__main__:Epoch 1 [4800/5199] Loss: 0.0619 (Pix:0.030 Per:0.024)
INFO:__main__:Epoch 1 [4900/5199] Loss: 0.0650 (Pix:0.030 Per:0.029)
INFO:__main__:Epoch 1 [5000/5199] Loss: 0.0616 (Pix:0.032 Per:0.025)
INFO:__main__:Epoch 1 [5100/5199] Loss: 0.0711 (Pix:0.038 Per:0.025)
/home/teaching/G14/forensic_reconstruction/src/train.py:168: FutureWarning: `torch.cuda.amp.autocast(args...)` is deprecated. Please use `torch.amp.autocast('cuda', args...)` instead.
  with autocast():
INFO:__main__:Saved visualization: /home/teaching/G14/forensic_reconstruction/output/training_run_1/visualizations/epoch_001.png
INFO:__main__:Epoch 1 (2414.5s) | Train Loss: 0.0912 | Val Loss: 0.0551 | PSNR: 31.15
INFO:__main__:⭐ New Best Model! PSNR: 31.15 dB
INFO:__main__:Epoch 2 [0/5199] Loss: 0.0943 (Pix:0.056 Per:0.032)
INFO:__main__:Epoch 2 [100/5199] Loss: 0.0867 (Pix:0.055 Per:0.026)
INFO:__main__:Epoch 2 [200/5199] Loss: 0.0636 (Pix:0.040 Per:0.020)
INFO:__main__:Epoch 2 [300/5199] Loss: 0.0761 (Pix:0.046 Per:0.023)
INFO:__main__:Epoch 2 [400/5199] Loss: 0.0502 (Pix:0.024 Per:0.020)
INFO:__main__:Epoch 2 [500/5199] Loss: 0.0501 (Pix:0.026 Per:0.020)
INFO:__main__:Epoch 2 [600/5199] Loss: 0.0538 (Pix:0.025 Per:0.021)
INFO:__main__:Epoch 2 [700/5199] Loss: 0.0679 (Pix:0.042 Per:0.022)
INFO:__main__:Epoch 2 [800/5199] Loss: 0.0549 (Pix:0.030 Per:0.021)
INFO:__main__:Epoch 2 [900/5199] Loss: 0.0544 (Pix:0.026 Per:0.022)
INFO:__main__:Epoch 2 [1000/5199] Loss: 0.0536 (Pix:0.029 Per:0.019)
INFO:__main__:Epoch 2 [1100/5199] Loss: 0.0503 (Pix:0.026 Per:0.021)
INFO:__main__:Epoch 2 [1200/5199] Loss: 0.0625 (Pix:0.033 Per:0.024)
INFO:__main__:Epoch 2 [1300/5199] Loss: 0.0611 (Pix:0.032 Per:0.022)
INFO:__main__:Epoch 2 [1400/5199] Loss: 0.0466 (Pix:0.022 Per:0.018)
INFO:__main__:Epoch 2 [1500/5199] Loss: 0.0518 (Pix:0.029 Per:0.020)
INFO:__main__:Epoch 2 [1600/5199] Loss: 0.0519 (Pix:0.029 Per:0.020)
INFO:__main__:Epoch 2 [1700/5199] Loss: 0.0687 (Pix:0.042 Per:0.022)
INFO:__main__:Epoch 2 [1800/5199] Loss: 0.0740 (Pix:0.046 Per:0.021)
INFO:__main__:Epoch 2 [1900/5199] Loss: 0.0658 (Pix:0.037 Per:0.022)
INFO:__main__:Epoch 2 [2000/5199] Loss: 0.0512 (Pix:0.027 Per:0.020)
INFO:__main__:Epoch 2 [2100/5199] Loss: 0.0562 (Pix:0.027 Per:0.026)
INFO:__main__:Epoch 2 [2200/5199] Loss: 0.0419 (Pix:0.022 Per:0.018)
INFO:__main__:Epoch 2 [2300/5199] Loss: 0.0444 (Pix:0.019 Per:0.020)
INFO:__main__:Epoch 2 [2400/5199] Loss: 0.0623 (Pix:0.034 Per:0.023)
INFO:__main__:Epoch 2 [2500/5199] Loss: 0.0513 (Pix:0.026 Per:0.020)
INFO:__main__:Epoch 2 [2600/5199] Loss: 0.0521 (Pix:0.033 Per:0.017)
INFO:__main__:Epoch 2 [2700/5199] Loss: 0.0456 (Pix:0.023 Per:0.020)
INFO:__main__:Epoch 2 [2800/5199] Loss: 0.0621 (Pix:0.032 Per:0.025)
INFO:__main__:Epoch 2 [2900/5199] Loss: 0.0584 (Pix:0.030 Per:0.023)
INFO:__main__:Epoch 2 [3000/5199] Loss: 0.0594 (Pix:0.035 Per:0.019)
INFO:__main__:Epoch 2 [3100/5199] Loss: 0.0640 (Pix:0.038 Per:0.020)
INFO:__main__:Epoch 2 [3200/5199] Loss: 0.0607 (Pix:0.036 Per:0.020)
INFO:__main__:Epoch 2 [3300/5199] Loss: 0.0486 (Pix:0.025 Per:0.018)
INFO:__main__:Epoch 2 [3400/5199] Loss: 0.0435 (Pix:0.020 Per:0.019)
INFO:__main__:Epoch 2 [3500/5199] Loss: 0.0438 (Pix:0.023 Per:0.018)
INFO:__main__:Epoch 2 [3600/5199] Loss: 0.0567 (Pix:0.032 Per:0.018)
INFO:__main__:Epoch 2 [3700/5199] Loss: 0.0379 (Pix:0.019 Per:0.016)
INFO:__main__:Epoch 2 [3800/5199] Loss: 0.0542 (Pix:0.030 Per:0.018)
INFO:__main__:Epoch 2 [3900/5199] Loss: 0.0505 (Pix:0.028 Per:0.018)
INFO:__main__:Epoch 2 [4000/5199] Loss: 0.0708 (Pix:0.041 Per:0.024)
INFO:__main__:Epoch 2 [4100/5199] Loss: 0.0474 (Pix:0.028 Per:0.018)
INFO:__main__:Epoch 2 [4200/5199] Loss: 0.0540 (Pix:0.032 Per:0.017)
INFO:__main__:Epoch 2 [4300/5199] Loss: 0.0423 (Pix:0.022 Per:0.015)
INFO:__main__:Epoch 2 [4400/5199] Loss: 0.0662 (Pix:0.039 Per:0.021)
INFO:__main__:Epoch 2 [4500/5199] Loss: 0.0568 (Pix:0.028 Per:0.021)
INFO:__main__:Epoch 2 [4600/5199] Loss: 0.0570 (Pix:0.030 Per:0.021)
INFO:__main__:Epoch 2 [4700/5199] Loss: 0.0451 (Pix:0.021 Per:0.020)
INFO:__main__:Epoch 2 [4800/5199] Loss: 0.0384 (Pix:0.019 Per:0.016)
INFO:__main__:Epoch 2 [4900/5199] Loss: 0.0535 (Pix:0.030 Per:0.019)
INFO:__main__:Epoch 2 [5000/5199] Loss: 0.0544 (Pix:0.032 Per:0.019)
INFO:__main__:Epoch 2 [5100/5199] Loss: 0.0570 (Pix:0.033 Per:0.020)
INFO:__main__:Saved visualization: /home/teaching/G14/forensic_reconstruction/output/training_run_1/visualizations/epoch_002.png
INFO:__main__:Epoch 2 (2398.2s) | Train Loss: 0.0585 | Val Loss: 0.0470 | PSNR: 33.24
INFO:__main__:⭐ New Best Model! PSNR: 33.24 dB
INFO:__main__:Epoch 3 [0/5199] Loss: 0.0584 (Pix:0.033 Per:0.021)
INFO:__main__:Epoch 3 [100/5199] Loss: 0.0588 (Pix:0.031 Per:0.023)
INFO:__main__:Epoch 3 [200/5199] Loss: 0.0534 (Pix:0.027 Per:0.020)
INFO:__main__:Epoch 3 [300/5199] Loss: 0.0451 (Pix:0.023 Per:0.016)
INFO:__main__:Epoch 3 [400/5199] Loss: 0.0447 (Pix:0.027 Per:0.013)
INFO:__main__:Epoch 3 [500/5199] Loss: 0.0504 (Pix:0.029 Per:0.018)
INFO:__main__:Epoch 3 [600/5199] Loss: 0.0512 (Pix:0.028 Per:0.020)
INFO:__main__:Epoch 3 [700/5199] Loss: 0.0474 (Pix:0.023 Per:0.021)
INFO:__main__:Epoch 3 [800/5199] Loss: 0.0433 (Pix:0.022 Per:0.017)
INFO:__main__:Epoch 3 [900/5199] Loss: 0.0482 (Pix:0.027 Per:0.018)
INFO:__main__:Epoch 3 [1000/5199] Loss: 0.0518 (Pix:0.030 Per:0.019)
INFO:__main__:Epoch 3 [1100/5199] Loss: 0.0448 (Pix:0.021 Per:0.019)
INFO:__main__:Epoch 3 [1200/5199] Loss: 0.0548 (Pix:0.028 Per:0.023)
INFO:__main__:Epoch 3 [1300/5199] Loss: 0.0459 (Pix:0.025 Per:0.017)
INFO:__main__:Epoch 3 [1400/5199] Loss: 0.0418 (Pix:0.020 Per:0.018)
INFO:__main__:Epoch 3 [1500/5199] Loss: 0.0511 (Pix:0.029 Per:0.017)
INFO:__main__:Epoch 3 [1600/5199] Loss: 0.0486 (Pix:0.029 Per:0.017)
INFO:__main__:Epoch 3 [1700/5199] Loss: 0.0768 (Pix:0.053 Per:0.019)
INFO:__main__:Epoch 3 [1800/5199] Loss: 0.0458 (Pix:0.025 Per:0.017)
INFO:__main__:Epoch 3 [1900/5199] Loss: 0.0429 (Pix:0.025 Per:0.016)
INFO:__main__:Epoch 3 [2000/5199] Loss: 0.0478 (Pix:0.026 Per:0.016)
INFO:__main__:Epoch 3 [2100/5199] Loss: 0.0478 (Pix:0.028 Per:0.017)
INFO:__main__:Epoch 3 [2200/5199] Loss: 0.0369 (Pix:0.018 Per:0.016)
INFO:__main__:Epoch 3 [2300/5199] Loss: 0.0413 (Pix:0.023 Per:0.015)
INFO:__main__:Epoch 3 [2400/5199] Loss: 0.0515 (Pix:0.026 Per:0.020)
INFO:__main__:Epoch 3 [2500/5199] Loss: 0.0525 (Pix:0.031 Per:0.018)
INFO:__main__:Epoch 3 [2600/5199] Loss: 0.0547 (Pix:0.034 Per:0.016)
INFO:__main__:Epoch 3 [2700/5199] Loss: 0.0393 (Pix:0.020 Per:0.015)
INFO:__main__:Epoch 3 [2800/5199] Loss: 0.0495 (Pix:0.024 Per:0.018)
INFO:__main__:Epoch 3 [2900/5199] Loss: 0.0742 (Pix:0.051 Per:0.021)
INFO:__main__:Epoch 3 [3000/5199] Loss: 0.0415 (Pix:0.019 Per:0.018)
INFO:__main__:Epoch 3 [3100/5199] Loss: 0.0566 (Pix:0.035 Per:0.017)
INFO:__main__:Epoch 3 [3200/5199] Loss: 0.0499 (Pix:0.025 Per:0.019)
INFO:__main__:Epoch 3 [3300/5199] Loss: 0.0441 (Pix:0.023 Per:0.017)
INFO:__main__:Epoch 3 [3400/5199] Loss: 0.0447 (Pix:0.023 Per:0.016)
INFO:__main__:Epoch 3 [3500/5199] Loss: 0.0340 (Pix:0.016 Per:0.015)
INFO:__main__:Epoch 3 [3600/5199] Loss: 0.0431 (Pix:0.022 Per:0.015)
INFO:__main__:Epoch 3 [3700/5199] Loss: 0.0601 (Pix:0.037 Per:0.021)
INFO:__main__:Epoch 3 [3800/5199] Loss: 0.0357 (Pix:0.017 Per:0.014)
INFO:__main__:Epoch 3 [3900/5199] Loss: 0.0383 (Pix:0.020 Per:0.015)
INFO:__main__:Epoch 3 [4000/5199] Loss: 0.0538 (Pix:0.033 Per:0.016)
INFO:__main__:Epoch 3 [4100/5199] Loss: 0.0367 (Pix:0.019 Per:0.014)
INFO:__main__:Epoch 3 [4200/5199] Loss: 0.0351 (Pix:0.018 Per:0.015)
INFO:__main__:Epoch 3 [4300/5199] Loss: 0.0366 (Pix:0.017 Per:0.016)
INFO:__main__:Epoch 3 [4400/5199] Loss: 0.0475 (Pix:0.027 Per:0.016)
INFO:__main__:Epoch 3 [4500/5199] Loss: 0.0515 (Pix:0.029 Per:0.017)
INFO:__main__:Epoch 3 [4600/5199] Loss: 0.0533 (Pix:0.030 Per:0.017)
INFO:__main__:Epoch 3 [4700/5199] Loss: 0.0388 (Pix:0.019 Per:0.014)
INFO:__main__:Epoch 3 [4800/5199] Loss: 0.0373 (Pix:0.021 Per:0.013)
INFO:__main__:Epoch 3 [4900/5199] Loss: 0.0396 (Pix:0.020 Per:0.014)
INFO:__main__:Epoch 3 [5000/5199] Loss: 0.0439 (Pix:0.023 Per:0.017)
INFO:__main__:Epoch 3 [5100/5199] Loss: 0.0424 (Pix:0.022 Per:0.015)
INFO:__main__:Saved visualization: /home/teaching/G14/forensic_reconstruction/output/training_run_1/visualizations/epoch_003.png
INFO:__main__:Epoch 3 (2402.5s) | Train Loss: 0.0483 | Val Loss: 0.0340 | PSNR: 33.82
INFO:__main__:⭐ New Best Model! PSNR: 33.82 dB
INFO:__main__:Epoch 4 [0/5199] Loss: 0.0359 (Pix:0.017 Per:0.015)
INFO:__main__:Epoch 4 [100/5199] Loss: 0.0419 (Pix:0.021 Per:0.017)
INFO:__main__:Epoch 4 [200/5199] Loss: 0.0397 (Pix:0.020 Per:0.016)
INFO:__main__:Epoch 4 [300/5199] Loss: 0.0440 (Pix:0.025 Per:0.016)
INFO:__main__:Epoch 4 [400/5199] Loss: 0.0387 (Pix:0.020 Per:0.017)
INFO:__main__:Epoch 4 [500/5199] Loss: 0.0423 (Pix:0.026 Per:0.014)
INFO:__main__:Epoch 4 [600/5199] Loss: 0.0431 (Pix:0.024 Per:0.016)
INFO:__main__:Epoch 4 [700/5199] Loss: 0.0360 (Pix:0.018 Per:0.017)
INFO:__main__:Epoch 4 [800/5199] Loss: 0.0419 (Pix:0.022 Per:0.016)
INFO:__main__:Epoch 4 [900/5199] Loss: 0.0434 (Pix:0.024 Per:0.016)
INFO:__main__:Epoch 4 [1000/5199] Loss: 0.0516 (Pix:0.030 Per:0.015)
INFO:__main__:Epoch 4 [1100/5199] Loss: 0.0296 (Pix:0.014 Per:0.014)
INFO:__main__:Epoch 4 [1200/5199] Loss: 0.0370 (Pix:0.019 Per:0.014)
INFO:__main__:Epoch 4 [1300/5199] Loss: 0.0389 (Pix:0.021 Per:0.016)
INFO:__main__:Epoch 4 [1400/5199] Loss: 0.0374 (Pix:0.018 Per:0.015)
INFO:__main__:Epoch 4 [1500/5199] Loss: 0.0463 (Pix:0.022 Per:0.016)
INFO:__main__:Epoch 4 [1600/5199] Loss: 0.0384 (Pix:0.020 Per:0.015)
INFO:__main__:Epoch 4 [1700/5199] Loss: 0.0436 (Pix:0.023 Per:0.016)
INFO:__main__:Epoch 4 [1800/5199] Loss: 0.0419 (Pix:0.022 Per:0.018)
INFO:__main__:Epoch 4 [1900/5199] Loss: 0.0445 (Pix:0.028 Per:0.015)
INFO:__main__:Epoch 4 [2000/5199] Loss: 0.0379 (Pix:0.017 Per:0.014)
INFO:__main__:Epoch 4 [2100/5199] Loss: 0.0525 (Pix:0.034 Per:0.015)
INFO:__main__:Epoch 4 [2200/5199] Loss: 0.0385 (Pix:0.021 Per:0.014)
INFO:__main__:Epoch 4 [2300/5199] Loss: 0.0389 (Pix:0.023 Per:0.012)
INFO:__main__:Epoch 4 [2400/5199] Loss: 0.0395 (Pix:0.022 Per:0.014)
INFO:__main__:Epoch 4 [2500/5199] Loss: 0.0382 (Pix:0.023 Per:0.014)
INFO:__main__:Epoch 4 [2600/5199] Loss: 0.0325 (Pix:0.016 Per:0.015)
INFO:__main__:Epoch 4 [2700/5199] Loss: 0.0387 (Pix:0.018 Per:0.015)
INFO:__main__:Epoch 4 [2800/5199] Loss: 0.0498 (Pix:0.026 Per:0.020)
INFO:__main__:Epoch 4 [2900/5199] Loss: 0.0326 (Pix:0.017 Per:0.012)
INFO:__main__:Epoch 4 [3000/5199] Loss: 0.0646 (Pix:0.040 Per:0.021)
INFO:__main__:Epoch 4 [3100/5199] Loss: 0.0407 (Pix:0.022 Per:0.016)
INFO:__main__:Epoch 4 [3200/5199] Loss: 0.0356 (Pix:0.019 Per:0.013)
INFO:__main__:Epoch 4 [3300/5199] Loss: 0.0458 (Pix:0.025 Per:0.016)
INFO:__main__:Epoch 4 [3400/5199] Loss: 0.0354 (Pix:0.018 Per:0.013)
INFO:__main__:Epoch 4 [3500/5199] Loss: 0.0346 (Pix:0.018 Per:0.014)
INFO:__main__:Epoch 4 [3600/5199] Loss: 0.0361 (Pix:0.018 Per:0.014)
INFO:__main__:Epoch 4 [3700/5199] Loss: 0.0407 (Pix:0.022 Per:0.016)
INFO:__main__:Epoch 4 [3800/5199] Loss: 0.0360 (Pix:0.017 Per:0.017)
INFO:__main__:Epoch 4 [3900/5199] Loss: 0.0311 (Pix:0.014 Per:0.013)
INFO:__main__:Epoch 4 [4000/5199] Loss: 0.0448 (Pix:0.027 Per:0.015)
INFO:__main__:Epoch 4 [4100/5199] Loss: 0.0463 (Pix:0.025 Per:0.014)
INFO:__main__:Epoch 4 [4200/5199] Loss: 0.0325 (Pix:0.017 Per:0.013)
INFO:__main__:Epoch 4 [4300/5199] Loss: 0.0395 (Pix:0.021 Per:0.017)
INFO:__main__:Epoch 4 [4400/5199] Loss: 0.0425 (Pix:0.022 Per:0.017)
INFO:__main__:Epoch 4 [4500/5199] Loss: 0.0673 (Pix:0.043 Per:0.021)
INFO:__main__:Epoch 4 [4600/5199] Loss: 0.0437 (Pix:0.023 Per:0.019)
INFO:__main__:Epoch 4 [4700/5199] Loss: 0.0408 (Pix:0.021 Per:0.016)
INFO:__main__:Epoch 4 [4800/5199] Loss: 0.0409 (Pix:0.022 Per:0.015)
INFO:__main__:Epoch 4 [4900/5199] Loss: 0.0370 (Pix:0.020 Per:0.014)
INFO:__main__:Epoch 4 [5000/5199] Loss: 0.0316 (Pix:0.016 Per:0.013)
INFO:__main__:Epoch 4 [5100/5199] Loss: 0.0349 (Pix:0.018 Per:0.015)
INFO:__main__:Saved visualization: /home/teaching/G14/forensic_reconstruction/output/training_run_1/visualizations/epoch_004.png
INFO:__main__:Epoch 4 (2404.3s) | Train Loss: 0.0400 | Val Loss: 0.0312 | PSNR: 34.34
INFO:__main__:⭐ New Best Model! PSNR: 34.34 dB
INFO:__main__:Epoch 5 [0/5199] Loss: 0.0370 (Pix:0.019 Per:0.015)
INFO:__main__:Epoch 5 [100/5199] Loss: 0.0290 (Pix:0.015 Per:0.012)
INFO:__main__:Epoch 5 [200/5199] Loss: 0.0434 (Pix:0.023 Per:0.015)
INFO:__main__:Epoch 5 [300/5199] Loss: 0.0399 (Pix:0.020 Per:0.012)
INFO:__main__:Epoch 5 [400/5199] Loss: 0.0396 (Pix:0.017 Per:0.015)
INFO:__main__:Epoch 5 [500/5199] Loss: 0.0341 (Pix:0.019 Per:0.011)
INFO:__main__:Epoch 5 [600/5199] Loss: 0.0302 (Pix:0.016 Per:0.012)
INFO:__main__:Epoch 5 [700/5199] Loss: 0.0351 (Pix:0.018 Per:0.015)
INFO:__main__:Epoch 5 [800/5199] Loss: 0.0287 (Pix:0.014 Per:0.012)
INFO:__main__:Epoch 5 [900/5199] Loss: 0.0378 (Pix:0.021 Per:0.015)
INFO:__main__:Epoch 5 [1000/5199] Loss: 0.0377 (Pix:0.019 Per:0.014)
INFO:__main__:Epoch 5 [1100/5199] Loss: 0.0373 (Pix:0.020 Per:0.015)
INFO:__main__:Epoch 5 [1200/5199] Loss: 0.0345 (Pix:0.018 Per:0.013)
INFO:__main__:Epoch 5 [1300/5199] Loss: 0.0449 (Pix:0.026 Per:0.017)
INFO:__main__:Epoch 5 [1400/5199] Loss: 0.0431 (Pix:0.026 Per:0.017)
INFO:__main__:Epoch 5 [1500/5199] Loss: 0.0336 (Pix:0.019 Per:0.013)
INFO:__main__:Epoch 5 [1600/5199] Loss: 0.0324 (Pix:0.013 Per:0.014)
INFO:__main__:Epoch 5 [1700/5199] Loss: 0.0422 (Pix:0.022 Per:0.015)
INFO:__main__:Epoch 5 [1800/5199] Loss: 0.0409 (Pix:0.022 Per:0.015)
INFO:__main__:Epoch 5 [1900/5199] Loss: 0.0440 (Pix:0.028 Per:0.011)
INFO:__main__:Epoch 5 [2000/5199] Loss: 0.0380 (Pix:0.022 Per:0.013)
INFO:__main__:Epoch 5 [2100/5199] Loss: 0.0375 (Pix:0.022 Per:0.013)
INFO:__main__:Epoch 5 [2200/5199] Loss: 0.0319 (Pix:0.015 Per:0.013)
INFO:__main__:Epoch 5 [2300/5199] Loss: 0.0326 (Pix:0.016 Per:0.014)
INFO:__main__:Epoch 5 [2400/5199] Loss: 0.0316 (Pix:0.016 Per:0.012)
INFO:__main__:Epoch 5 [2500/5199] Loss: 0.0351 (Pix:0.019 Per:0.013)
INFO:__main__:Epoch 5 [2600/5199] Loss: 0.0426 (Pix:0.021 Per:0.016)
INFO:__main__:Epoch 5 [2700/5199] Loss: 0.0338 (Pix:0.018 Per:0.013)
INFO:__main__:Epoch 5 [2800/5199] Loss: 0.0326 (Pix:0.017 Per:0.012)
INFO:__main__:Epoch 5 [2900/5199] Loss: 0.0293 (Pix:0.015 Per:0.013)
INFO:__main__:Epoch 5 [3000/5199] Loss: 0.0377 (Pix:0.019 Per:0.014)
INFO:__main__:Epoch 5 [3100/5199] Loss: 0.0364 (Pix:0.019 Per:0.013)
INFO:__main__:Epoch 5 [3200/5199] Loss: 0.0378 (Pix:0.020 Per:0.016)
INFO:__main__:Epoch 5 [3300/5199] Loss: 0.0237 (Pix:0.010 Per:0.010)
INFO:__main__:Epoch 5 [3400/5199] Loss: 0.0289 (Pix:0.015 Per:0.011)
INFO:__main__:Epoch 5 [3500/5199] Loss: 0.0384 (Pix:0.020 Per:0.013)
INFO:__main__:Epoch 5 [3600/5199] Loss: 0.0305 (Pix:0.014 Per:0.012)
INFO:__main__:Epoch 5 [3700/5199] Loss: 0.0359 (Pix:0.020 Per:0.012)
INFO:__main__:Epoch 5 [3800/5199] Loss: 0.0482 (Pix:0.028 Per:0.015)
INFO:__main__:Epoch 5 [3900/5199] Loss: 0.0275 (Pix:0.014 Per:0.011)
INFO:__main__:Epoch 5 [4000/5199] Loss: 0.0475 (Pix:0.025 Per:0.015)
INFO:__main__:Epoch 5 [4100/5199] Loss: 0.0353 (Pix:0.021 Per:0.012)
INFO:__main__:Epoch 5 [4200/5199] Loss: 0.0349 (Pix:0.019 Per:0.013)
INFO:__main__:Epoch 5 [4300/5199] Loss: 0.0313 (Pix:0.017 Per:0.012)
INFO:__main__:Epoch 5 [4400/5199] Loss: 0.0395 (Pix:0.023 Per:0.012)
INFO:__main__:Epoch 5 [4500/5199] Loss: 0.0349 (Pix:0.016 Per:0.014)
INFO:__main__:Epoch 5 [4600/5199] Loss: 0.0346 (Pix:0.018 Per:0.013)
INFO:__main__:Epoch 5 [4700/5199] Loss: 0.0314 (Pix:0.017 Per:0.013)
INFO:__main__:Epoch 5 [4800/5199] Loss: 0.0345 (Pix:0.016 Per:0.016)
INFO:__main__:Epoch 5 [4900/5199] Loss: 0.0329 (Pix:0.017 Per:0.011)
INFO:__main__:Epoch 5 [5000/5199] Loss: 0.0476 (Pix:0.027 Per:0.016)
INFO:__main__:Epoch 5 [5100/5199] Loss: 0.0332 (Pix:0.018 Per:0.013)
INFO:__main__:Saved visualization: /home/teaching/G14/forensic_reconstruction/output/training_run_1/visualizations/epoch_005.png
INFO:__main__:Epoch 5 (2403.6s) | Train Loss: 0.0358 | Val Loss: 0.0358 | PSNR: 34.09
INFO:__main__:Epoch 6 [0/5199] Loss: 0.0334 (Pix:0.015 Per:0.015)
INFO:__main__:Epoch 6 [100/5199] Loss: 0.0257 (Pix:0.012 Per:0.012)
INFO:__main__:Epoch 6 [200/5199] Loss: 0.0383 (Pix:0.019 Per:0.015)
INFO:__main__:Epoch 6 [300/5199] Loss: 0.0359 (Pix:0.017 Per:0.016)
INFO:__main__:Epoch 6 [400/5199] Loss: 0.0234 (Pix:0.012 Per:0.010)
INFO:__main__:Epoch 6 [500/5199] Loss: 0.0287 (Pix:0.014 Per:0.013)
INFO:__main__:Epoch 6 [600/5199] Loss: 0.0385 (Pix:0.020 Per:0.014)
INFO:__main__:Epoch 6 [700/5199] Loss: 0.0289 (Pix:0.014 Per:0.012)
INFO:__main__:Epoch 6 [800/5199] Loss: 0.0316 (Pix:0.015 Per:0.013)
INFO:__main__:Epoch 6 [900/5199] Loss: 0.0347 (Pix:0.019 Per:0.014)
INFO:__main__:Epoch 6 [1000/5199] Loss: 0.0393 (Pix:0.019 Per:0.015)
INFO:__main__:Epoch 6 [1100/5199] Loss: 0.0357 (Pix:0.018 Per:0.016)
INFO:__main__:Epoch 6 [1200/5199] Loss: 0.0318 (Pix:0.017 Per:0.013)
INFO:__main__:Epoch 6 [1300/5199] Loss: 0.0334 (Pix:0.018 Per:0.012)
INFO:__main__:Epoch 6 [1400/5199] Loss: 0.0301 (Pix:0.017 Per:0.012)
INFO:__main__:Epoch 6 [1500/5199] Loss: 0.0263 (Pix:0.012 Per:0.010)
INFO:__main__:Epoch 6 [1600/5199] Loss: 0.0274 (Pix:0.013 Per:0.012)
INFO:__main__:Epoch 6 [1700/5199] Loss: 0.0320 (Pix:0.017 Per:0.013)
INFO:__main__:Epoch 6 [1800/5199] Loss: 0.0407 (Pix:0.025 Per:0.013)
INFO:__main__:Epoch 6 [1900/5199] Loss: 0.0373 (Pix:0.019 Per:0.013)
INFO:__main__:Epoch 6 [2000/5199] Loss: 0.0574 (Pix:0.043 Per:0.012)
INFO:__main__:Epoch 6 [2100/5199] Loss: 0.0296 (Pix:0.014 Per:0.012)
INFO:__main__:Epoch 6 [2200/5199] Loss: 0.0288 (Pix:0.013 Per:0.011)
INFO:__main__:Epoch 6 [2300/5199] Loss: 0.0284 (Pix:0.013 Per:0.013)
INFO:__main__:Epoch 6 [2400/5199] Loss: 0.0355 (Pix:0.018 Per:0.015)
INFO:__main__:Epoch 6 [2500/5199] Loss: 0.0250 (Pix:0.013 Per:0.011)
INFO:__main__:Epoch 6 [2600/5199] Loss: 0.0376 (Pix:0.020 Per:0.014)
INFO:__main__:Epoch 6 [2700/5199] Loss: 0.0366 (Pix:0.018 Per:0.013)
INFO:__main__:Epoch 6 [2800/5199] Loss: 0.0332 (Pix:0.019 Per:0.013)
INFO:__main__:Epoch 6 [2900/5199] Loss: 0.0250 (Pix:0.012 Per:0.010)
INFO:__main__:Epoch 6 [3000/5199] Loss: 0.0316 (Pix:0.015 Per:0.014)
INFO:__main__:Epoch 6 [3100/5199] Loss: 0.0303 (Pix:0.014 Per:0.013)
INFO:__main__:Epoch 6 [3200/5199] Loss: 0.0246 (Pix:0.013 Per:0.010)
INFO:__main__:Epoch 6 [3300/5199] Loss: 0.0356 (Pix:0.019 Per:0.014)
INFO:__main__:Epoch 6 [3400/5199] Loss: 0.0420 (Pix:0.024 Per:0.016)
INFO:__main__:Epoch 6 [3500/5199] Loss: 0.0327 (Pix:0.017 Per:0.014)
INFO:__main__:Epoch 6 [3600/5199] Loss: 0.0294 (Pix:0.014 Per:0.012)
INFO:__main__:Epoch 6 [3700/5199] Loss: 0.0302 (Pix:0.013 Per:0.012)
INFO:__main__:Epoch 6 [3800/5199] Loss: 0.0342 (Pix:0.019 Per:0.011)
INFO:__main__:Epoch 6 [3900/5199] Loss: 0.0389 (Pix:0.022 Per:0.014)
INFO:__main__:Epoch 6 [4000/5199] Loss: 0.0344 (Pix:0.015 Per:0.014)
INFO:__main__:Epoch 6 [4100/5199] Loss: 0.0313 (Pix:0.017 Per:0.012)
INFO:__main__:Epoch 6 [4200/5199] Loss: 0.0277 (Pix:0.014 Per:0.012)
INFO:__main__:Epoch 6 [4300/5199] Loss: 0.0318 (Pix:0.015 Per:0.014)
INFO:__main__:Epoch 6 [4400/5199] Loss: 0.0413 (Pix:0.021 Per:0.015)
INFO:__main__:Epoch 6 [4500/5199] Loss: 0.0328 (Pix:0.017 Per:0.011)
INFO:__main__:Epoch 6 [4600/5199] Loss: 0.0287 (Pix:0.013 Per:0.012)
INFO:__main__:Epoch 6 [4700/5199] Loss: 0.0349 (Pix:0.017 Per:0.014)
INFO:__main__:Epoch 6 [4800/5199] Loss: 0.0275 (Pix:0.014 Per:0.012)
INFO:__main__:Epoch 6 [4900/5199] Loss: 0.0279 (Pix:0.015 Per:0.011)
INFO:__main__:Epoch 6 [5000/5199] Loss: 0.0354 (Pix:0.017 Per:0.014)
INFO:__main__:Epoch 6 [5100/5199] Loss: 0.0342 (Pix:0.020 Per:0.012)
INFO:__main__:Saved visualization: /home/teaching/G14/forensic_reconstruction/output/training_run_1/visualizations/epoch_006.png
INFO:__main__:Epoch 6 (2400.7s) | Train Loss: 0.0324 | Val Loss: 0.0292 | PSNR: 34.83
INFO:__main__:⭐ New Best Model! PSNR: 34.83 dB
INFO:__main__:Epoch 7 [0/5199] Loss: 0.0427 (Pix:0.025 Per:0.015)
INFO:__main__:Epoch 7 [100/5199] Loss: 0.0313 (Pix:0.016 Per:0.012)
INFO:__main__:Epoch 7 [200/5199] Loss: 0.0327 (Pix:0.018 Per:0.013)
INFO:__main__:Epoch 7 [300/5199] Loss: 0.0252 (Pix:0.013 Per:0.010)
INFO:__main__:Epoch 7 [400/5199] Loss: 0.0263 (Pix:0.012 Per:0.011)
INFO:__main__:Epoch 7 [500/5199] Loss: 0.0299 (Pix:0.016 Per:0.011)
INFO:__main__:Epoch 7 [600/5199] Loss: 0.0292 (Pix:0.014 Per:0.012)
INFO:__main__:Epoch 7 [700/5199] Loss: 0.0347 (Pix:0.018 Per:0.014)
INFO:__main__:Epoch 7 [800/5199] Loss: 0.0273 (Pix:0.012 Per:0.011)
INFO:__main__:Epoch 7 [900/5199] Loss: 0.0311 (Pix:0.016 Per:0.012)
INFO:__main__:Epoch 7 [1000/5199] Loss: 0.0430 (Pix:0.019 Per:0.017)
INFO:__main__:Epoch 7 [1100/5199] Loss: 0.0287 (Pix:0.014 Per:0.012)
INFO:__main__:Epoch 7 [1200/5199] Loss: 0.0302 (Pix:0.014 Per:0.014)
INFO:__main__:Epoch 7 [1300/5199] Loss: 0.0257 (Pix:0.012 Per:0.010)
INFO:__main__:Epoch 7 [1400/5199] Loss: 0.0306 (Pix:0.015 Per:0.013)
INFO:__main__:Epoch 7 [1500/5199] Loss: 0.0331 (Pix:0.019 Per:0.011)
INFO:__main__:Epoch 7 [1600/5199] Loss: 0.0251 (Pix:0.013 Per:0.011)
INFO:__main__:Epoch 7 [1700/5199] Loss: 0.0289 (Pix:0.014 Per:0.012)
INFO:__main__:Epoch 7 [1800/5199] Loss: 0.0279 (Pix:0.014 Per:0.011)
INFO:__main__:Epoch 7 [1900/5199] Loss: 0.0290 (Pix:0.014 Per:0.012)
INFO:__main__:Epoch 7 [2000/5199] Loss: 0.0293 (Pix:0.015 Per:0.011)
INFO:__main__:Epoch 7 [2100/5199] Loss: 0.0313 (Pix:0.016 Per:0.012)
INFO:__main__:Epoch 7 [2200/5199] Loss: 0.0358 (Pix:0.020 Per:0.012)
INFO:__main__:Epoch 7 [2300/5199] Loss: 0.0350 (Pix:0.018 Per:0.013)
INFO:__main__:Epoch 7 [2400/5199] Loss: 0.0305 (Pix:0.017 Per:0.010)
INFO:__main__:Epoch 7 [2500/5199] Loss: 0.0278 (Pix:0.012 Per:0.012)
INFO:__main__:Epoch 7 [2600/5199] Loss: 0.0247 (Pix:0.010 Per:0.010)
INFO:__main__:Epoch 7 [2700/5199] Loss: 0.0272 (Pix:0.012 Per:0.011)
INFO:__main__:Epoch 7 [2800/5199] Loss: 0.0348 (Pix:0.019 Per:0.014)
INFO:__main__:Epoch 7 [2900/5199] Loss: 0.0293 (Pix:0.013 Per:0.012)
INFO:__main__:Epoch 7 [3000/5199] Loss: 0.0343 (Pix:0.019 Per:0.012)
INFO:__main__:Epoch 7 [3100/5199] Loss: 0.0330 (Pix:0.016 Per:0.013)
INFO:__main__:Epoch 7 [3200/5199] Loss: 0.0296 (Pix:0.015 Per:0.011)
INFO:__main__:Epoch 7 [3300/5199] Loss: 0.0291 (Pix:0.013 Per:0.013)
INFO:__main__:Epoch 7 [3400/5199] Loss: 0.0282 (Pix:0.015 Per:0.011)
INFO:__main__:Epoch 7 [3500/5199] Loss: 0.0339 (Pix:0.017 Per:0.014)
INFO:__main__:Epoch 7 [3600/5199] Loss: 0.0254 (Pix:0.013 Per:0.010)
INFO:__main__:Epoch 7 [3700/5199] Loss: 0.0361 (Pix:0.020 Per:0.014)
INFO:__main__:Epoch 7 [3800/5199] Loss: 0.0250 (Pix:0.011 Per:0.011)
INFO:__main__:Epoch 7 [3900/5199] Loss: 0.0278 (Pix:0.015 Per:0.011)
INFO:__main__:Epoch 7 [4000/5199] Loss: 0.0324 (Pix:0.018 Per:0.011)
INFO:__main__:Epoch 7 [4100/5199] Loss: 0.0253 (Pix:0.013 Per:0.010)
INFO:__main__:Epoch 7 [4200/5199] Loss: 0.0293 (Pix:0.016 Per:0.012)
INFO:__main__:Epoch 7 [4300/5199] Loss: 0.0299 (Pix:0.014 Per:0.013)
INFO:__main__:Epoch 7 [4400/5199] Loss: 0.0284 (Pix:0.015 Per:0.012)
INFO:__main__:Epoch 7 [4500/5199] Loss: 0.0297 (Pix:0.017 Per:0.012)
INFO:__main__:Epoch 7 [4600/5199] Loss: 0.0299 (Pix:0.017 Per:0.012)
INFO:__main__:Epoch 7 [4700/5199] Loss: 0.0262 (Pix:0.013 Per:0.010)
INFO:__main__:Epoch 7 [4800/5199] Loss: 0.0268 (Pix:0.015 Per:0.010)
INFO:__main__:Epoch 7 [4900/5199] Loss: 0.0247 (Pix:0.013 Per:0.010)
INFO:__main__:Epoch 7 [5000/5199] Loss: 0.0323 (Pix:0.018 Per:0.013)
INFO:__main__:Epoch 7 [5100/5199] Loss: 0.0312 (Pix:0.015 Per:0.012)
INFO:__main__:Saved visualization: /home/teaching/G14/forensic_reconstruction/output/training_run_1/visualizations/epoch_007.png
INFO:__main__:Epoch 7 (2403.0s) | Train Loss: 0.0301 | Val Loss: 0.0275 | PSNR: 35.01
INFO:__main__:⭐ New Best Model! PSNR: 35.01 dB
INFO:__main__:Epoch 8 [0/5199] Loss: 0.0323 (Pix:0.017 Per:0.011)
INFO:__main__:Epoch 8 [100/5199] Loss: 0.0336 (Pix:0.018 Per:0.013)
INFO:__main__:Epoch 8 [200/5199] Loss: 0.0316 (Pix:0.018 Per:0.011)
INFO:__main__:Epoch 8 [300/5199] Loss: 0.0232 (Pix:0.012 Per:0.009)
INFO:__main__:Epoch 8 [400/5199] Loss: 0.0328 (Pix:0.017 Per:0.014)
INFO:__main__:Epoch 8 [500/5199] Loss: 0.0226 (Pix:0.010 Per:0.010)
INFO:__main__:Epoch 8 [600/5199] Loss: 0.0282 (Pix:0.016 Per:0.011)
INFO:__main__:Epoch 8 [700/5199] Loss: 0.0267 (Pix:0.015 Per:0.009)
INFO:__main__:Epoch 8 [800/5199] Loss: 0.0290 (Pix:0.015 Per:0.012)
INFO:__main__:Epoch 8 [900/5199] Loss: 0.0247 (Pix:0.012 Per:0.011)
INFO:__main__:Epoch 8 [1000/5199] Loss: 0.0309 (Pix:0.017 Per:0.013)
INFO:__main__:Epoch 8 [1100/5199] Loss: 0.0271 (Pix:0.013 Per:0.012)
INFO:__main__:Epoch 8 [1200/5199] Loss: 0.0264 (Pix:0.013 Per:0.011)
INFO:__main__:Epoch 8 [1300/5199] Loss: 0.0336 (Pix:0.015 Per:0.015)
INFO:__main__:Epoch 8 [1400/5199] Loss: 0.0277 (Pix:0.015 Per:0.011)
INFO:__main__:Epoch 8 [1500/5199] Loss: 0.0233 (Pix:0.011 Per:0.012)
INFO:__main__:Epoch 8 [1600/5199] Loss: 0.0295 (Pix:0.015 Per:0.011)
INFO:__main__:Epoch 8 [1700/5199] Loss: 0.0302 (Pix:0.016 Per:0.012)
INFO:__main__:Epoch 8 [1800/5199] Loss: 0.0294 (Pix:0.015 Per:0.012)
INFO:__main__:Epoch 8 [1900/5199] Loss: 0.0318 (Pix:0.017 Per:0.011)
INFO:__main__:Epoch 8 [2000/5199] Loss: 0.0227 (Pix:0.012 Per:0.010)
INFO:__main__:Epoch 8 [2100/5199] Loss: 0.0253 (Pix:0.014 Per:0.010)
INFO:__main__:Epoch 8 [2200/5199] Loss: 0.0299 (Pix:0.014 Per:0.011)
INFO:__main__:Epoch 8 [2300/5199] Loss: 0.0239 (Pix:0.011 Per:0.010)
INFO:__main__:Epoch 8 [2400/5199] Loss: 0.0293 (Pix:0.017 Per:0.010)
INFO:__main__:Epoch 8 [2500/5199] Loss: 0.0264 (Pix:0.013 Per:0.012)
INFO:__main__:Epoch 8 [2600/5199] Loss: 0.0247 (Pix:0.011 Per:0.010)
INFO:__main__:Epoch 8 [2700/5199] Loss: 0.0289 (Pix:0.015 Per:0.012)
INFO:__main__:Epoch 8 [2800/5199] Loss: 0.0269 (Pix:0.014 Per:0.011)
INFO:__main__:Epoch 8 [2900/5199] Loss: 0.0284 (Pix:0.015 Per:0.011)
INFO:__main__:Epoch 8 [3000/5199] Loss: 0.0251 (Pix:0.011 Per:0.010)
INFO:__main__:Epoch 8 [3100/5199] Loss: 0.0284 (Pix:0.013 Per:0.013)
INFO:__main__:Epoch 8 [3200/5199] Loss: 0.0242 (Pix:0.011 Per:0.011)
INFO:__main__:Epoch 8 [3300/5199] Loss: 0.0295 (Pix:0.015 Per:0.012)
INFO:__main__:Epoch 8 [3400/5199] Loss: 0.0244 (Pix:0.012 Per:0.011)
INFO:__main__:Epoch 8 [3500/5199] Loss: 0.0259 (Pix:0.012 Per:0.012)
INFO:__main__:Epoch 8 [3600/5199] Loss: 0.0253 (Pix:0.012 Per:0.009)
INFO:__main__:Epoch 8 [3700/5199] Loss: 0.0301 (Pix:0.017 Per:0.012)
INFO:__main__:Epoch 8 [3800/5199] Loss: 0.0256 (Pix:0.011 Per:0.012)
INFO:__main__:Epoch 8 [3900/5199] Loss: 0.0325 (Pix:0.017 Per:0.014)
INFO:__main__:Epoch 8 [4000/5199] Loss: 0.0292 (Pix:0.014 Per:0.011)
INFO:__main__:Epoch 8 [4100/5199] Loss: 0.0271 (Pix:0.014 Per:0.012)
INFO:__main__:Epoch 8 [4200/5199] Loss: 0.0284 (Pix:0.015 Per:0.012)
INFO:__main__:Epoch 8 [4300/5199] Loss: 0.0245 (Pix:0.012 Per:0.010)
INFO:__main__:Epoch 8 [4400/5199] Loss: 0.0312 (Pix:0.016 Per:0.012)
INFO:__main__:Epoch 8 [4500/5199] Loss: 0.0258 (Pix:0.013 Per:0.011)
INFO:__main__:Epoch 8 [4600/5199] Loss: 0.0236 (Pix:0.012 Per:0.010)
INFO:__main__:Epoch 8 [4700/5199] Loss: 0.0365 (Pix:0.020 Per:0.014)
INFO:__main__:Epoch 8 [4800/5199] Loss: 0.0340 (Pix:0.017 Per:0.012)
INFO:__main__:Epoch 8 [4900/5199] Loss: 0.0241 (Pix:0.011 Per:0.010)
INFO:__main__:Epoch 8 [5000/5199] Loss: 0.0260 (Pix:0.013 Per:0.012)
INFO:__main__:Epoch 8 [5100/5199] Loss: 0.0268 (Pix:0.013 Per:0.011)
INFO:__main__:Saved visualization: /home/teaching/G14/forensic_reconstruction/output/training_run_1/visualizations/epoch_008.png
INFO:__main__:Epoch 8 (2403.9s) | Train Loss: 0.0284 | Val Loss: 0.0283 | PSNR: 35.24
INFO:__main__:⭐ New Best Model! PSNR: 35.24 dB
INFO:__main__:Epoch 9 [0/5199] Loss: 0.0262 (Pix:0.012 Per:0.013)
INFO:__main__:Epoch 9 [100/5199] Loss: 0.0322 (Pix:0.016 Per:0.013)
INFO:__main__:Epoch 9 [200/5199] Loss: 0.0278 (Pix:0.013 Per:0.013)
INFO:__main__:Epoch 9 [300/5199] Loss: 0.0238 (Pix:0.014 Per:0.009)
INFO:__main__:Epoch 9 [400/5199] Loss: 0.0249 (Pix:0.011 Per:0.010)
INFO:__main__:Epoch 9 [500/5199] Loss: 0.0244 (Pix:0.012 Per:0.011)
INFO:__main__:Epoch 9 [600/5199] Loss: 0.0249 (Pix:0.013 Per:0.012)
INFO:__main__:Epoch 9 [700/5199] Loss: 0.0256 (Pix:0.011 Per:0.012)
INFO:__main__:Epoch 9 [800/5199] Loss: 0.0302 (Pix:0.016 Per:0.011)
INFO:__main__:Epoch 9 [900/5199] Loss: 0.0280 (Pix:0.014 Per:0.010)
INFO:__main__:Epoch 9 [1000/5199] Loss: 0.0294 (Pix:0.015 Per:0.012)
INFO:__main__:Epoch 9 [1100/5199] Loss: 0.0329 (Pix:0.017 Per:0.013)
INFO:__main__:Epoch 9 [1200/5199] Loss: 0.0311 (Pix:0.015 Per:0.013)
INFO:__main__:Epoch 9 [1300/5199] Loss: 0.0258 (Pix:0.013 Per:0.010)
INFO:__main__:Epoch 9 [1400/5199] Loss: 0.0277 (Pix:0.013 Per:0.011)
INFO:__main__:Epoch 9 [1500/5199] Loss: 0.0273 (Pix:0.014 Per:0.012)
INFO:__main__:Epoch 9 [1600/5199] Loss: 0.0242 (Pix:0.012 Per:0.009)
INFO:__main__:Epoch 9 [1700/5199] Loss: 0.0273 (Pix:0.013 Per:0.011)
INFO:__main__:Epoch 9 [1800/5199] Loss: 0.0319 (Pix:0.016 Per:0.014)
